<?xml version="1.0" encoding="UTF-8"?>
<testsuite name="com.ggshin.ggprojectsolo.restdocs.member.MemberControllerRestDocsTest" tests="2" skipped="0" failures="0" errors="0" timestamp="2022-08-16T10:11:00" hostname="GLORIOUSFAM" time="0.895">
  <properties/>
  <testcase name="getConditionalMembersTest()" classname="com.ggshin.ggprojectsolo.restdocs.member.MemberControllerRestDocsTest" time="0.762"/>
  <testcase name="getMembersTest()" classname="com.ggshin.ggprojectsolo.restdocs.member.MemberControllerRestDocsTest" time="0.122"/>
  <system-out><![CDATA[19:10:52.260 [Test worker] DEBUG org.springframework.test.context.BootstrapUtils - Instantiating CacheAwareContextLoaderDelegate from class [org.springframework.test.context.cache.DefaultCacheAwareContextLoaderDelegate]
19:10:52.282 [Test worker] DEBUG org.springframework.test.context.BootstrapUtils - Instantiating BootstrapContext using constructor [public org.springframework.test.context.support.DefaultBootstrapContext(java.lang.Class,org.springframework.test.context.CacheAwareContextLoaderDelegate)]
19:10:52.371 [Test worker] DEBUG org.springframework.test.context.BootstrapUtils - Instantiating TestContextBootstrapper for test class [com.ggshin.ggprojectsolo.restdocs.member.MemberControllerRestDocsTest] from class [org.springframework.boot.test.autoconfigure.web.servlet.WebMvcTestContextBootstrapper]
19:10:52.414 [Test worker] INFO org.springframework.boot.test.autoconfigure.web.servlet.WebMvcTestContextBootstrapper - Neither @ContextConfiguration nor @ContextHierarchy found for test class [com.ggshin.ggprojectsolo.restdocs.member.MemberControllerRestDocsTest], using SpringBootContextLoader
19:10:52.422 [Test worker] DEBUG org.springframework.test.context.support.AbstractContextLoader - Did not detect default resource location for test class [com.ggshin.ggprojectsolo.restdocs.member.MemberControllerRestDocsTest]: class path resource [com/ggshin/ggprojectsolo/restdocs/member/MemberControllerRestDocsTest-context.xml] does not exist
19:10:52.424 [Test worker] DEBUG org.springframework.test.context.support.AbstractContextLoader - Did not detect default resource location for test class [com.ggshin.ggprojectsolo.restdocs.member.MemberControllerRestDocsTest]: class path resource [com/ggshin/ggprojectsolo/restdocs/member/MemberControllerRestDocsTestContext.groovy] does not exist
19:10:52.424 [Test worker] INFO org.springframework.test.context.support.AbstractContextLoader - Could not detect default resource locations for test class [com.ggshin.ggprojectsolo.restdocs.member.MemberControllerRestDocsTest]: no resource found for suffixes {-context.xml, Context.groovy}.
19:10:52.426 [Test worker] INFO org.springframework.test.context.support.AnnotationConfigContextLoaderUtils - Could not detect default configuration classes for test class [com.ggshin.ggprojectsolo.restdocs.member.MemberControllerRestDocsTest]: MemberControllerRestDocsTest does not declare any static, non-private, non-final, nested classes annotated with @Configuration.
19:10:52.626 [Test worker] DEBUG org.springframework.test.context.support.ActiveProfilesUtils - Could not find an 'annotation declaring class' for annotation type [org.springframework.test.context.ActiveProfiles] and class [com.ggshin.ggprojectsolo.restdocs.member.MemberControllerRestDocsTest]
19:10:52.773 [Test worker] DEBUG org.springframework.context.annotation.ClassPathScanningCandidateComponentProvider - Identified candidate component class: file [C:\Users\GloriousMen\Downloads\gg-project-solo\gg-project-solo\build\classes\java\main\com\ggshin\ggprojectsolo\GgProjectSoloApplication.class]
19:10:52.775 [Test worker] INFO org.springframework.boot.test.context.SpringBootTestContextBootstrapper - Found @SpringBootConfiguration com.ggshin.ggprojectsolo.GgProjectSoloApplication for test class com.ggshin.ggprojectsolo.restdocs.member.MemberControllerRestDocsTest
19:10:52.784 [Test worker] DEBUG org.springframework.boot.test.autoconfigure.web.servlet.WebMvcTestContextBootstrapper - @TestExecutionListeners is not present for class [com.ggshin.ggprojectsolo.restdocs.member.MemberControllerRestDocsTest]: using defaults.
19:10:52.786 [Test worker] INFO org.springframework.boot.test.autoconfigure.web.servlet.WebMvcTestContextBootstrapper - Loaded default TestExecutionListener class names from location [META-INF/spring.factories]: [org.springframework.boot.test.autoconfigure.restdocs.RestDocsTestExecutionListener, org.springframework.boot.test.autoconfigure.web.client.MockRestServiceServerResetTestExecutionListener, org.springframework.boot.test.autoconfigure.web.servlet.MockMvcPrintOnlyOnFailureTestExecutionListener, org.springframework.boot.test.autoconfigure.web.servlet.WebDriverTestExecutionListener, org.springframework.boot.test.autoconfigure.webservices.client.MockWebServiceServerTestExecutionListener, org.springframework.boot.test.mock.mockito.MockitoTestExecutionListener, org.springframework.boot.test.mock.mockito.ResetMocksTestExecutionListener, org.springframework.test.context.web.ServletTestExecutionListener, org.springframework.test.context.support.DirtiesContextBeforeModesTestExecutionListener, org.springframework.test.context.event.ApplicationEventsTestExecutionListener, org.springframework.test.context.support.DependencyInjectionTestExecutionListener, org.springframework.test.context.support.DirtiesContextTestExecutionListener, org.springframework.test.context.transaction.TransactionalTestExecutionListener, org.springframework.test.context.jdbc.SqlScriptsTestExecutionListener, org.springframework.test.context.event.EventPublishingTestExecutionListener]
19:10:52.833 [Test worker] INFO org.springframework.boot.test.autoconfigure.web.servlet.WebMvcTestContextBootstrapper - Using TestExecutionListeners: [org.springframework.test.context.web.ServletTestExecutionListener@4d63b624, org.springframework.test.context.support.DirtiesContextBeforeModesTestExecutionListener@466cf502, org.springframework.test.context.event.ApplicationEventsTestExecutionListener@5b800468, org.springframework.boot.test.mock.mockito.MockitoTestExecutionListener@2e185cd7, org.springframework.boot.test.autoconfigure.SpringBootDependencyInjectionTestExecutionListener@7e1a1da6, org.springframework.test.context.support.DirtiesContextTestExecutionListener@5f7f2382, org.springframework.test.context.transaction.TransactionalTestExecutionListener@407cf41, org.springframework.test.context.jdbc.SqlScriptsTestExecutionListener@6815c5f2, org.springframework.test.context.event.EventPublishingTestExecutionListener@46cc127b, org.springframework.boot.test.autoconfigure.restdocs.RestDocsTestExecutionListener@60094a13, org.springframework.boot.test.autoconfigure.web.client.MockRestServiceServerResetTestExecutionListener@5aceec94, org.springframework.boot.test.autoconfigure.web.servlet.MockMvcPrintOnlyOnFailureTestExecutionListener@1c32886a, org.springframework.boot.test.autoconfigure.web.servlet.WebDriverTestExecutionListener@3a4b0e5d, org.springframework.boot.test.autoconfigure.webservices.client.MockWebServiceServerTestExecutionListener@10b892d5, org.springframework.boot.test.mock.mockito.ResetMocksTestExecutionListener@3d3f761a]
19:10:52.850 [Test worker] DEBUG org.springframework.test.context.support.AbstractDirtiesContextTestExecutionListener - Before test class: context [DefaultTestContext@5ef8df1e testClass = MemberControllerRestDocsTest, testInstance = [null], testMethod = [null], testException = [null], mergedContextConfiguration = [WebMergedContextConfiguration@27cf3151 testClass = MemberControllerRestDocsTest, locations = '{}', classes = '{class com.ggshin.ggprojectsolo.GgProjectSoloApplication}', contextInitializerClasses = '[]', activeProfiles = '{}', propertySourceLocations = '{}', propertySourceProperties = '{org.springframework.boot.test.autoconfigure.web.servlet.WebMvcTestContextBootstrapper=true}', contextCustomizers = set[org.springframework.boot.test.autoconfigure.OverrideAutoConfigurationContextCustomizerFactory$DisableAutoConfigurationContextCustomizer@557a1e2d, org.springframework.boot.test.autoconfigure.actuate.metrics.MetricsExportContextCustomizerFactory$DisableMetricExportContextCustomizer@31e75d13, org.springframework.boot.test.autoconfigure.filter.TypeExcludeFiltersContextCustomizer@f0ae1987, org.springframework.boot.test.autoconfigure.properties.PropertyMappingContextCustomizer@5e8b7b80, org.springframework.boot.test.autoconfigure.web.servlet.WebDriverContextCustomizerFactory$Customizer@18518ccf, [ImportsContextCustomizer@127e70c5 key = [@org.springframework.boot.test.autoconfigure.web.servlet.AutoConfigureWebMvc(), @org.springframework.boot.test.mock.mockito.MockBean(answer=RETURNS_DEFAULTS, classes={}, name="", reset=AFTER, extraInterfaces={}, value={org.springframework.data.jpa.mapping.JpaMetamodelMappingContext.class}, serializable=false), @org.springframework.test.context.BootstrapWith(value=org.springframework.boot.test.autoconfigure.web.servlet.WebMvcTestContextBootstrapper.class), @org.springframework.context.annotation.Import(value={org.springframework.boot.test.autoconfigure.restdocs.RestDocumentationContextProviderRegistrar.class}), @org.springframework.boot.test.autoconfigure.web.servlet.AutoConfigureMockMvc(webDriverEnabled=true, print=DEFAULT, webClientEnabled=true, addFilters=true, printOnlyOnFailure=true), @org.springframework.boot.test.autoconfigure.web.servlet.WebMvcTest(useDefaultFilters=true, excludeFilters={}, controllers={}, excludeAutoConfiguration={}, value={com.ggshin.ggprojectsolo.member.controller.MemberController.class}, includeFilters={}, properties={}), @org.springframework.boot.test.autoconfigure.core.AutoConfigureCache(cacheProvider=NONE), @org.springframework.boot.test.autoconfigure.filter.TypeExcludeFilters(value={org.springframework.boot.test.autoconfigure.web.servlet.WebMvcTypeExcludeFilter.class}), @org.springframework.context.annotation.Import(value={org.springframework.boot.autoconfigure.ImportAutoConfigurationImportSelector.class}), @org.springframework.boot.autoconfigure.ImportAutoConfiguration(value={}, exclude={}, classes={}), @org.springframework.boot.test.autoconfigure.restdocs.AutoConfigureRestDocs(uriScheme="http", outputDir="", uriPort=8080, value="", uriHost="localhost"), @org.springframework.boot.test.autoconfigure.properties.PropertyMapping(value="spring.test.mockmvc", skip=NO), @org.springframework.boot.test.autoconfigure.OverrideAutoConfiguration(enabled=false), @org.springframework.boot.test.autoconfigure.properties.PropertyMapping(value="spring.test.restdocs", skip=NO)]], org.springframework.boot.test.context.filter.ExcludeFilterContextCustomizer@6d366c9b, org.springframework.boot.test.json.DuplicateJsonObjectContextCustomizerFactory$DuplicateJsonObjectContextCustomizer@3a320ade, org.springframework.boot.test.mock.mockito.MockitoContextCustomizer@8c3cddf2, org.springframework.boot.test.context.SpringBootTestArgs@1, org.springframework.boot.test.context.SpringBootTestWebEnvironment@0], resourceBasePath = 'src/main/webapp', contextLoader = 'org.springframework.boot.test.context.SpringBootContextLoader', parent = [null]], attributes = map[[empty]]], class annotated with @DirtiesContext [false] with mode [null].

  .   ____          _            __ _ _
 /\\ / ___'_ __ _ _(_)_ __  __ _ \ \ \ \
( ( )\___ | '_ | '_| | '_ \/ _` | \ \ \ \
 \\/  ___)| |_)| | | | | || (_| |  ) ) ) )
  '  |____| .__|_| |_|_| |_\__, | / / / /
 =========|_|==============|___/=/_/_/_/
 :: Spring Boot ::                (v2.7.2)

2022-08-16 19:10:54.135  INFO 16424 --- [    Test worker] c.g.g.r.m.MemberControllerRestDocsTest   : Starting MemberControllerRestDocsTest using Java 11.0.15 on GloriousFam with PID 16424 (started by GloriousMen in C:\Users\GloriousMen\Downloads\gg-project-solo\gg-project-solo)
2022-08-16 19:10:54.141  INFO 16424 --- [    Test worker] c.g.g.r.m.MemberControllerRestDocsTest   : No active profile set, falling back to 1 default profile: "default"
2022-08-16 19:11:00.567  INFO 16424 --- [    Test worker] o.s.b.t.m.w.SpringBootMockServletContext : Initializing Spring TestDispatcherServlet ''
2022-08-16 19:11:00.568  INFO 16424 --- [    Test worker] o.s.t.web.servlet.TestDispatcherServlet  : Initializing Servlet ''
2022-08-16 19:11:00.571  INFO 16424 --- [    Test worker] o.s.t.web.servlet.TestDispatcherServlet  : Completed initialization in 3 ms
2022-08-16 19:11:00.665  INFO 16424 --- [    Test worker] c.g.g.r.m.MemberControllerRestDocsTest   : Started MemberControllerRestDocsTest in 7.657 seconds (JVM running for 11.01)
]]></system-out>
  <system-err><![CDATA[]]></system-err>
</testsuite>
